<?xml version="1.0" encoding="UTF-8"?>
<!-- Generated by org.testng.reporters.JUnitReportReporter -->
<testsuite skipped="0" hostname="LAPTOP-1H4N5U9H" name="org.comp.Sample2" tests="5" failures="0" timestamp="11 Apr 2021 05:26:21 GMT" time="0.027" errors="0">
  <testcase name="tc24" time="0.003" classname="org.comp.Sample2"/>
  <testcase name="tc21" time="0.014" classname="org.comp.Sample2"/>
  <testcase name="tc20" time="0.003" classname="org.comp.Sample2"/>
  <testcase name="tc22" time="0.002" classname="org.comp.Sample2"/>
  <testcase name="tc23" time="0.005" classname="org.comp.Sample2"/>
</testsuite> <!-- org.comp.Sample2 -->
