<?xml version="1.0" encoding="UTF-8"?>
<!-- Generated by org.testng.reporters.JUnitReportReporter -->
<testsuite skipped="0" hostname="LAPTOP-1H4N5U9H" name="org.comp.Sample3" tests="1" failures="0" timestamp="11 Apr 2021 14:44:27 GMT" time="0.195" errors="0">
  <testcase name="tc1" time="0.195" classname="org.comp.Sample3"/>
</testsuite> <!-- org.comp.Sample3 -->
