<?xml version="1.0" encoding="UTF-8"?>
<!-- Generated by org.testng.reporters.JUnitReportReporter -->
<testsuite skipped="0" hostname="LAPTOP-1H4N5U9H" name="org.comp.Sample" tests="1" failures="0" timestamp="11 Apr 2021 06:20:37 GMT" time="0.028" errors="0">
  <testcase name="tc0" time="0.028" classname="org.comp.Sample"/>
</testsuite> <!-- org.comp.Sample -->
