<?xml version="1.0" encoding="UTF-8"?>
<!-- Generated by org.testng.reporters.JUnitReportReporter -->
<testsuite skipped="0" hostname="LAPTOP-1H4N5U9H" name="org.comp.Groups" tests="3" failures="0" timestamp="11 Apr 2021 14:59:36 GMT" time="0.040" errors="0">
  <testcase name="tc0" time="0.034" classname="org.comp.Groups"/>
  <testcase name="tc1" time="0.004" classname="org.comp.Groups"/>
  <testcase name="tc2" time="0.002" classname="org.comp.Groups"/>
</testsuite> <!-- org.comp.Groups -->
