<?xml version="1.0" encoding="UTF-8"?>
<!-- Generated by org.testng.reporters.JUnitReportReporter -->
<testsuite skipped="0" hostname="LAPTOP-1H4N5U9H" name="org.comp.Sample1" tests="5" failures="0" timestamp="11 Apr 2021 05:26:21 GMT" time="0.020" errors="0">
  <testcase name="tc13" time="0.003" classname="org.comp.Sample1"/>
  <testcase name="tc10" time="0.005" classname="org.comp.Sample1"/>
  <testcase name="tc14" time="0.003" classname="org.comp.Sample1"/>
  <testcase name="tc12" time="0.003" classname="org.comp.Sample1"/>
  <testcase name="tc11" time="0.006" classname="org.comp.Sample1"/>
</testsuite> <!-- org.comp.Sample1 -->
